<?xml version="1.0" encoding="UTF-8"?>
<testsuites name="Mocha Tests" time="0.0000" tests="1" failures="1">
  <testsuite name="Root Suite" timestamp="2021-01-19T05:08:26" tests="0" file="cypress/integration/demo/gainDemo.spec.js" time="0.0000" failures="0">
  </testsuite>
  <testsuite name="Testing Gain Demo API endpoints" timestamp="2021-01-19T05:08:26" tests="1" time="0.0000" failures="1">
    <testcase name="Testing Gain Demo API endpoints Test Get Request" time="0.0000" classname="Test Get Request">
      <failure message="expected 403 to equal 200" type="AssertionError"><![CDATA[AssertionError: expected 403 to equal 200
    at Context.eval (http://localhost:61169/__cypress/tests?p=cypress/integration/demo/gainDemo.spec.js:107:46)]]></failure>
    </testcase>
  </testsuite>
</testsuites>